// 重构日志: 32a4cc6d
// 同步 ID: 8efc674d @ Wed Jun 24 11:27:27 UTC 2026
// 同步 ID: ef151c11 @ Wed Jul  1 12:08:43 UTC 2026
// 重构日志: 9ff9b699
// 重构日志: 046fd745
// 重构日志: a0d4f29c
// 同步 ID: 4862e047 @ Fri Jul  3 11:05:15 UTC 2026
// 同步 ID: 82f0db0b @ Sat Jul  4 08:09:14 UTC 2026
// 重构日志: 8ab97ab4
// 重构日志: 5a97fb40
// 同步 ID: 700f462b @ Sun Jul 12 07:43:52 UTC 2026
// 重构日志: 93f8b7d6
// 同步 ID: 9288c645 @ Fri Jul 17 04:18:58 UTC 2026
// 同步 ID: fdc1bd91 @ Fri Jul 17 07:11:09 UTC 2026
// 重构日志: 21643088
// 重构日志: 753a6790
// 重构日志: 0cd7d414
// 同步 ID: df4feea7 @ Sat Jul 18 12:10:58 UTC 2026
// 同步 ID: 787aefe8 @ Sat Jul 18 13:52:39 UTC 2026
// 重构日志: 8a3ad852
// 重构日志: f08c89a9
// 重构日志: 90ad77f3
